[debug] [2026-02-26T20:28:59.831Z] [Firebase Plugin] Activating Firebase extension.
[info] [Firebase Plugin] Checked firebase-tools, is up to date!
[debug] [2026-02-26T20:29:01.060Z] [Firebase Plugin] requireAuthWrapper
[debug] [2026-02-26T20:29:01.061Z] > command requires scopes: ["email","openid","https://www.googleapis.com/auth/cloudplatformprojects.readonly","https://www.googleapis.com/auth/firebase","https://www.googleapis.com/auth/cloud-platform"]
[debug] [2026-02-26T20:29:01.061Z] > authorizing via signed-in user (enrique.velasco@misfitcoders.com)
[debug] [2026-02-26T20:29:01.062Z] Checked if tokens are valid: false, expires at: 1772113279209
[debug] [2026-02-26T20:29:01.062Z] Checked if tokens are valid: false, expires at: 1772113279209
[debug] [2026-02-26T20:29:01.062Z] > refreshing access token with scopes: []
[debug] [2026-02-26T20:29:01.063Z] >>> [apiv2][query] POST https://www.googleapis.com/oauth2/v3/token [none]
[debug] [2026-02-26T20:29:01.063Z] >>> [apiv2][body] POST https://www.googleapis.com/oauth2/v3/token [omitted]
[debug] [2026-02-26T20:29:01.067Z] [Firebase Plugin] VSCode notification server listening on port 40001
[info] [Firebase Plugin] Starting Data Connect toolkit (version 3.1.4) on port 50002
[debug] [2026-02-26T20:29:02.065Z] 'fdc build' failed with error: Unable to build your Data Connect schema and connectors (exit code 1): E0226 21:29:02.063212   74083 cmd.go:43] Error loading data connect config: could not find dataconnect.yaml in `/Users/henry/Workbench/White Hibiscus/dev/boda-en-tarifa/dataconnect`
 {"metadata":{"emulator":{"name":"dataconnect"},"message":"'fdc build' failed with error: Unable to build your Data Connect schema and connectors (exit code 1): E0226 21:29:02.063212   74083 cmd.go:43] Error loading data connect config: could not find dataconnect.yaml in `/Users/henry/Workbench/White Hibiscus/dev/boda-en-tarifa/dataconnect`\n"}}
[debug] [2026-02-26T20:29:02.065Z] Ignoring unsupported arg: auto_download {"metadata":{"emulator":{"name":"dataconnect"},"message":"Ignoring unsupported arg: auto_download"}}
[debug] [2026-02-26T20:29:02.065Z] Ignoring unsupported arg: port {"metadata":{"emulator":{"name":"dataconnect"},"message":"Ignoring unsupported arg: port"}}
[debug] [2026-02-26T20:29:02.065Z] Starting Data Connect Emulator with command {"binary":"/Users/henry/.cache/firebase/emulators/dataconnect-emulator-3.1.4","args":["--logtostderr","-v=2","dev","--listen=localhost:50002","--config_dir=/Users/henry/Workbench/White Hibiscus/dev/boda-en-tarifa/dataconnect","--enable_output_schema_extensions=true","--enable_output_generated_sdk=true"],"optionalArgs":["listen","config_dir","enable_output_schema_extensions","enable_output_generated_sdk"],"joinArgs":true,"shell":false,"port":9399} {"metadata":{"emulator":{"name":"dataconnect"},"message":"Starting Data Connect Emulator with command {\"binary\":\"/Users/henry/.cache/firebase/emulators/dataconnect-emulator-3.1.4\",\"args\":[\"--logtostderr\",\"-v=2\",\"dev\",\"--listen=localhost:50002\",\"--config_dir=/Users/henry/Workbench/White Hibiscus/dev/boda-en-tarifa/dataconnect\",\"--enable_output_schema_extensions=true\",\"--enable_output_generated_sdk=true\"],\"optionalArgs\":[\"listen\",\"config_dir\",\"enable_output_schema_extensions\",\"enable_output_generated_sdk\"],\"joinArgs\":true,\"shell\":false,\"port\":9399}"}}
[info] i  dataconnect: Data Connect Emulator logging to dataconnect-debug.log {"metadata":{"emulator":{"name":"dataconnect"},"message":"Data Connect Emulator logging to dataconnect-debug.log"}}
[debug] [2026-02-26T20:29:02.089Z] <<< [apiv2][status] POST https://www.googleapis.com/oauth2/v3/token 200
[debug] [2026-02-26T20:29:02.089Z] <<< [apiv2][body] POST https://www.googleapis.com/oauth2/v3/token [omitted]
[debug] [2026-02-26T20:29:02.104Z] [Firebase Plugin] User found:  enrique.velasco@misfitcoders.com
[info] [Firebase Plugin] (Core:Project) New user detected, fetching projects
[debug] [2026-02-26T20:29:02.105Z] Checked if tokens are valid: true, expires at: 1772141341089
[debug] [2026-02-26T20:29:02.105Z] >>> [apiv2][query] GET https://firebase.googleapis.com/v1beta1/projects pageSize=1000
[debug] [2026-02-26T20:29:02.109Z] E0226 21:29:02.093837   74102 dev.go:83] Failed to load initial config from "/Users/henry/Workbench/White Hibiscus/dev/boda-en-tarifa/dataconnect": could not find dataconnect.yaml in `/Users/henry/Workbench/White Hibiscus/dev/boda-en-tarifa/dataconnect`
E0226 21:29:02.094141   74102 watch.go:116] watchAllDir unable to walk dir `/Users/henry/Workbench/White Hibiscus/dev/boda-en-tarifa/dataconnect`: lstat /Users/henry/Workbench/White Hibiscus/dev/boda-en-tarifa/dataconnect: no such file or directory
I0226 21:29:02.095333   74102 dev.go:104] Listening on address (HTTP + gRPC): 127.0.0.1:50002
 {"metadata":{"emulator":{"name":"dataconnect"},"message":"E0226 21:29:02.093837   74102 dev.go:83] Failed to load initial config from \"/Users/henry/Workbench/White Hibiscus/dev/boda-en-tarifa/dataconnect\": could not find dataconnect.yaml in `/Users/henry/Workbench/White Hibiscus/dev/boda-en-tarifa/dataconnect`\nE0226 21:29:02.094141   74102 watch.go:116] watchAllDir unable to walk dir `/Users/henry/Workbench/White Hibiscus/dev/boda-en-tarifa/dataconnect`: lstat /Users/henry/Workbench/White Hibiscus/dev/boda-en-tarifa/dataconnect: no such file or directory\nI0226 21:29:02.095333   74102 dev.go:104] Listening on address (HTTP + gRPC): 127.0.0.1:50002\n"}}
[error] [Firebase Plugin] error:  {}
[debug] [2026-02-26T20:29:02.680Z] <<< [apiv2][status] GET https://firebase.googleapis.com/v1beta1/projects 200
[debug] [2026-02-26T20:29:02.680Z] <<< [apiv2][body] GET https://firebase.googleapis.com/v1beta1/projects [omitted]
[debug] [2026-02-26T20:29:12.247Z] E0226 21:29:12.096009   74102 watch.go:40] Failed to load config from "/Users/henry/Workbench/White Hibiscus/dev/boda-en-tarifa/dataconnect": could not find dataconnect.yaml in `/Users/henry/Workbench/White Hibiscus/dev/boda-en-tarifa/dataconnect`
 {"metadata":{"emulator":{"name":"dataconnect"},"message":"E0226 21:29:12.096009   74102 watch.go:40] Failed to load config from \"/Users/henry/Workbench/White Hibiscus/dev/boda-en-tarifa/dataconnect\": could not find dataconnect.yaml in `/Users/henry/Workbench/White Hibiscus/dev/boda-en-tarifa/dataconnect`\n"}}
[debug] [2026-02-26T20:29:22.096Z] E0226 21:29:22.095549   74102 watch.go:40] Failed to load config from "/Users/henry/Workbench/White Hibiscus/dev/boda-en-tarifa/dataconnect": could not find dataconnect.yaml in `/Users/henry/Workbench/White Hibiscus/dev/boda-en-tarifa/dataconnect`
 {"metadata":{"emulator":{"name":"dataconnect"},"message":"E0226 21:29:22.095549   74102 watch.go:40] Failed to load config from \"/Users/henry/Workbench/White Hibiscus/dev/boda-en-tarifa/dataconnect\": could not find dataconnect.yaml in `/Users/henry/Workbench/White Hibiscus/dev/boda-en-tarifa/dataconnect`\n"}}
[debug] [2026-02-26T20:29:32.096Z] E0226 21:29:32.095552   74102 watch.go:40] Failed to load config from "/Users/henry/Workbench/White Hibiscus/dev/boda-en-tarifa/dataconnect": could not find dataconnect.yaml in `/Users/henry/Workbench/White Hibiscus/dev/boda-en-tarifa/dataconnect`
 {"metadata":{"emulator":{"name":"dataconnect"},"message":"E0226 21:29:32.095552   74102 watch.go:40] Failed to load config from \"/Users/henry/Workbench/White Hibiscus/dev/boda-en-tarifa/dataconnect\": could not find dataconnect.yaml in `/Users/henry/Workbench/White Hibiscus/dev/boda-en-tarifa/dataconnect`\n"}}
[debug] [2026-02-26T20:29:42.095Z] E0226 21:29:42.095054   74102 watch.go:40] Failed to load config from "/Users/henry/Workbench/White Hibiscus/dev/boda-en-tarifa/dataconnect": could not find dataconnect.yaml in `/Users/henry/Workbench/White Hibiscus/dev/boda-en-tarifa/dataconnect`
 {"metadata":{"emulator":{"name":"dataconnect"},"message":"E0226 21:29:42.095054   74102 watch.go:40] Failed to load config from \"/Users/henry/Workbench/White Hibiscus/dev/boda-en-tarifa/dataconnect\": could not find dataconnect.yaml in `/Users/henry/Workbench/White Hibiscus/dev/boda-en-tarifa/dataconnect`\n"}}
[debug] [2026-02-26T20:29:52.096Z] E0226 21:29:52.095737   74102 watch.go:40] Failed to load config from "/Users/henry/Workbench/White Hibiscus/dev/boda-en-tarifa/dataconnect": could not find dataconnect.yaml in `/Users/henry/Workbench/White Hibiscus/dev/boda-en-tarifa/dataconnect`
 {"metadata":{"emulator":{"name":"dataconnect"},"message":"E0226 21:29:52.095737   74102 watch.go:40] Failed to load config from \"/Users/henry/Workbench/White Hibiscus/dev/boda-en-tarifa/dataconnect\": could not find dataconnect.yaml in `/Users/henry/Workbench/White Hibiscus/dev/boda-en-tarifa/dataconnect`\n"}}
[debug] [2026-02-26T20:30:02.095Z] E0226 21:30:02.095247   74102 watch.go:116] watchAllDir unable to walk dir `/Users/henry/Workbench/White Hibiscus/dev/boda-en-tarifa/dataconnect`: lstat /Users/henry/Workbench/White Hibiscus/dev/boda-en-tarifa/dataconnect: no such file or directory
 {"metadata":{"emulator":{"name":"dataconnect"},"message":"E0226 21:30:02.095247   74102 watch.go:116] watchAllDir unable to walk dir `/Users/henry/Workbench/White Hibiscus/dev/boda-en-tarifa/dataconnect`: lstat /Users/henry/Workbench/White Hibiscus/dev/boda-en-tarifa/dataconnect: no such file or directory\n"}}
[debug] [2026-02-26T20:30:02.096Z] E0226 21:30:02.095409   74102 watch.go:40] Failed to load config from "/Users/henry/Workbench/White Hibiscus/dev/boda-en-tarifa/dataconnect": could not find dataconnect.yaml in `/Users/henry/Workbench/White Hibiscus/dev/boda-en-tarifa/dataconnect`
 {"metadata":{"emulator":{"name":"dataconnect"},"message":"E0226 21:30:02.095409   74102 watch.go:40] Failed to load config from \"/Users/henry/Workbench/White Hibiscus/dev/boda-en-tarifa/dataconnect\": could not find dataconnect.yaml in `/Users/henry/Workbench/White Hibiscus/dev/boda-en-tarifa/dataconnect`\n"}}
[debug] [2026-02-26T20:30:12.095Z] E0226 21:30:12.095557   74102 watch.go:40] Failed to load config from "/Users/henry/Workbench/White Hibiscus/dev/boda-en-tarifa/dataconnect": could not find dataconnect.yaml in `/Users/henry/Workbench/White Hibiscus/dev/boda-en-tarifa/dataconnect`
 {"metadata":{"emulator":{"name":"dataconnect"},"message":"E0226 21:30:12.095557   74102 watch.go:40] Failed to load config from \"/Users/henry/Workbench/White Hibiscus/dev/boda-en-tarifa/dataconnect\": could not find dataconnect.yaml in `/Users/henry/Workbench/White Hibiscus/dev/boda-en-tarifa/dataconnect`\n"}}
[debug] [2026-02-26T20:30:22.098Z] E0226 21:30:22.097688   74102 watch.go:40] Failed to load config from "/Users/henry/Workbench/White Hibiscus/dev/boda-en-tarifa/dataconnect": could not find dataconnect.yaml in `/Users/henry/Workbench/White Hibiscus/dev/boda-en-tarifa/dataconnect`
 {"metadata":{"emulator":{"name":"dataconnect"},"message":"E0226 21:30:22.097688   74102 watch.go:40] Failed to load config from \"/Users/henry/Workbench/White Hibiscus/dev/boda-en-tarifa/dataconnect\": could not find dataconnect.yaml in `/Users/henry/Workbench/White Hibiscus/dev/boda-en-tarifa/dataconnect`\n"}}
[debug] [2026-02-26T20:30:32.095Z] E0226 21:30:32.094976   74102 watch.go:40] Failed to load config from "/Users/henry/Workbench/White Hibiscus/dev/boda-en-tarifa/dataconnect": could not find dataconnect.yaml in `/Users/henry/Workbench/White Hibiscus/dev/boda-en-tarifa/dataconnect`
 {"metadata":{"emulator":{"name":"dataconnect"},"message":"E0226 21:30:32.094976   74102 watch.go:40] Failed to load config from \"/Users/henry/Workbench/White Hibiscus/dev/boda-en-tarifa/dataconnect\": could not find dataconnect.yaml in `/Users/henry/Workbench/White Hibiscus/dev/boda-en-tarifa/dataconnect`\n"}}
[debug] [2026-02-26T20:30:42.096Z] E0226 21:30:42.096400   74102 watch.go:40] Failed to load config from "/Users/henry/Workbench/White Hibiscus/dev/boda-en-tarifa/dataconnect": could not find dataconnect.yaml in `/Users/henry/Workbench/White Hibiscus/dev/boda-en-tarifa/dataconnect`
 {"metadata":{"emulator":{"name":"dataconnect"},"message":"E0226 21:30:42.096400   74102 watch.go:40] Failed to load config from \"/Users/henry/Workbench/White Hibiscus/dev/boda-en-tarifa/dataconnect\": could not find dataconnect.yaml in `/Users/henry/Workbench/White Hibiscus/dev/boda-en-tarifa/dataconnect`\n"}}
[debug] [2026-02-26T20:30:52.096Z] E0226 21:30:52.096221   74102 watch.go:40] Failed to load config from "/Users/henry/Workbench/White Hibiscus/dev/boda-en-tarifa/dataconnect": could not find dataconnect.yaml in `/Users/henry/Workbench/White Hibiscus/dev/boda-en-tarifa/dataconnect`
 {"metadata":{"emulator":{"name":"dataconnect"},"message":"E0226 21:30:52.096221   74102 watch.go:40] Failed to load config from \"/Users/henry/Workbench/White Hibiscus/dev/boda-en-tarifa/dataconnect\": could not find dataconnect.yaml in `/Users/henry/Workbench/White Hibiscus/dev/boda-en-tarifa/dataconnect`\n"}}
[debug] [2026-02-26T20:31:02.095Z] E0226 21:31:02.095416   74102 watch.go:116] watchAllDir unable to walk dir `/Users/henry/Workbench/White Hibiscus/dev/boda-en-tarifa/dataconnect`: lstat /Users/henry/Workbench/White Hibiscus/dev/boda-en-tarifa/dataconnect: no such file or directory
E0226 21:31:02.095447   74102 watch.go:40] Failed to load config from "/Users/henry/Workbench/White Hibiscus/dev/boda-en-tarifa/dataconnect": could not find dataconnect.yaml in `/Users/henry/Workbench/White Hibiscus/dev/boda-en-tarifa/dataconnect`
 {"metadata":{"emulator":{"name":"dataconnect"},"message":"E0226 21:31:02.095416   74102 watch.go:116] watchAllDir unable to walk dir `/Users/henry/Workbench/White Hibiscus/dev/boda-en-tarifa/dataconnect`: lstat /Users/henry/Workbench/White Hibiscus/dev/boda-en-tarifa/dataconnect: no such file or directory\nE0226 21:31:02.095447   74102 watch.go:40] Failed to load config from \"/Users/henry/Workbench/White Hibiscus/dev/boda-en-tarifa/dataconnect\": could not find dataconnect.yaml in `/Users/henry/Workbench/White Hibiscus/dev/boda-en-tarifa/dataconnect`\n"}}
[debug] [2026-02-26T20:31:12.099Z] E0226 21:31:12.098689   74102 watch.go:40] Failed to load config from "/Users/henry/Workbench/White Hibiscus/dev/boda-en-tarifa/dataconnect": could not find dataconnect.yaml in `/Users/henry/Workbench/White Hibiscus/dev/boda-en-tarifa/dataconnect`
 {"metadata":{"emulator":{"name":"dataconnect"},"message":"E0226 21:31:12.098689   74102 watch.go:40] Failed to load config from \"/Users/henry/Workbench/White Hibiscus/dev/boda-en-tarifa/dataconnect\": could not find dataconnect.yaml in `/Users/henry/Workbench/White Hibiscus/dev/boda-en-tarifa/dataconnect`\n"}}
[debug] [2026-02-26T20:31:22.096Z] E0226 21:31:22.096145   74102 watch.go:40] Failed to load config from "/Users/henry/Workbench/White Hibiscus/dev/boda-en-tarifa/dataconnect": could not find dataconnect.yaml in `/Users/henry/Workbench/White Hibiscus/dev/boda-en-tarifa/dataconnect`
 {"metadata":{"emulator":{"name":"dataconnect"},"message":"E0226 21:31:22.096145   74102 watch.go:40] Failed to load config from \"/Users/henry/Workbench/White Hibiscus/dev/boda-en-tarifa/dataconnect\": could not find dataconnect.yaml in `/Users/henry/Workbench/White Hibiscus/dev/boda-en-tarifa/dataconnect`\n"}}
[debug] [2026-02-26T20:31:32.095Z] E0226 21:31:32.095700   74102 watch.go:40] Failed to load config from "/Users/henry/Workbench/White Hibiscus/dev/boda-en-tarifa/dataconnect": could not find dataconnect.yaml in `/Users/henry/Workbench/White Hibiscus/dev/boda-en-tarifa/dataconnect`
 {"metadata":{"emulator":{"name":"dataconnect"},"message":"E0226 21:31:32.095700   74102 watch.go:40] Failed to load config from \"/Users/henry/Workbench/White Hibiscus/dev/boda-en-tarifa/dataconnect\": could not find dataconnect.yaml in `/Users/henry/Workbench/White Hibiscus/dev/boda-en-tarifa/dataconnect`\n"}}
[debug] [2026-02-26T20:31:42.096Z] E0226 21:31:42.096125   74102 watch.go:40] Failed to load config from "/Users/henry/Workbench/White Hibiscus/dev/boda-en-tarifa/dataconnect": could not find dataconnect.yaml in `/Users/henry/Workbench/White Hibiscus/dev/boda-en-tarifa/dataconnect`
 {"metadata":{"emulator":{"name":"dataconnect"},"message":"E0226 21:31:42.096125   74102 watch.go:40] Failed to load config from \"/Users/henry/Workbench/White Hibiscus/dev/boda-en-tarifa/dataconnect\": could not find dataconnect.yaml in `/Users/henry/Workbench/White Hibiscus/dev/boda-en-tarifa/dataconnect`\n"}}
